
Showing logs for build [32mcb-kubecd-environment-pr-1455-1-7x9cq-1[0m stage [32mfrom-build-pack[0m and container [32mstep-credential-initializer-s7hzj[0m
{"level":"info","ts":1588676986.5991883,"logger":"fallback-logger","caller":"logging/config.go:69","msg":"Fetch GitHub commit ID from kodata failed: open /var/run/ko/refs/heads/0.8.0-ns-support: no such file or directory"}
{"level":"info","ts":1588676986.5996492,"logger":"fallback-logger","caller":"creds-init/main.go:40","msg":"Credentials initialized."}

Showing logs for build [32mcb-kubecd-environment-pr-1455-1-7x9cq-1[0m stage [32mfrom-build-pack[0m and container [32mstep-working-dir-initializer-fb9cf[0m
{"level":"info","ts":1588676988.2676551,"logger":"fallback-logger","caller":"logging/config.go:69","msg":"Fetch GitHub commit ID from kodata failed: open /var/run/ko/HEAD: no such file or directory"}
{"level":"info","ts":1588676988.3221672,"logger":"fallback-logger","caller":"bash/main.go:64","msg":"Successfully executed command \"sh -c mkdir -p /workspace/source\"; output "}

Showing logs for build [32mcb-kubecd-environment-pr-1455-1-7x9cq-1[0m stage [32mfrom-build-pack[0m and container [32mstep-place-tools[0m

Showing logs for build [32mcb-kubecd-environment-pr-1455-1-7x9cq-1[0m stage [32mfrom-build-pack[0m and container [32mstep-git-source-cb-kubecd-environment-pr-1455-1-7x9cq-xdzgp[0m
{"level":"info","ts":1588676994.917904,"logger":"fallback-logger","caller":"logging/config.go:69","msg":"Fetch GitHub commit ID from kodata failed: open /var/run/ko/refs/heads/0.8.0-ns-support: no such file or directory"}
{"level":"info","ts":1588676996.00848,"logger":"fallback-logger","caller":"git/git.go:103","msg":"Successfully cloned https://github.com/cb-kubecd/environment-pr-1455-114-bdd-frontend-staging.git @ master in path /workspace/source"}

Showing logs for build [32mcb-kubecd-environment-pr-1455-1-7x9cq-1[0m stage [32mfrom-build-pack[0m and container [32mstep-git-merge[0m
Using SHAs from PULL_REFS=master:46f544872d39bcf45b55177b8abb9ff94b7d8862,1:fe2e587d5923be1c84165d4f7520774b696768b6
DEBUG: LC_ALL=C JX_LOG_LEVEL=error git fetch origin --unshallow fe2e587d5923be1c84165d4f7520774b696768b6: 46f544872d39bcf45b55177b8abb9ff94b7d8862:
DEBUG: ran git fetch --unshallow origin fe2e587d5923be1c84165d4f7520774b696768b6: 46f544872d39bcf45b55177b8abb9ff94b7d8862: in 
DEBUG: LC_ALL=C JX_LOG_LEVEL=error git branch
DEBUG: LC_ALL=C JX_LOG_LEVEL=error git checkout master
DEBUG: ran git checkout master in 
DEBUG: LC_ALL=C JX_LOG_LEVEL=error git reset --hard 46f544872d39bcf45b55177b8abb9ff94b7d8862
DEBUG: ran git reset --hard 46f544872d39bcf45b55177b8abb9ff94b7d8862 in 
DEBUG: LC_ALL=C JX_LOG_LEVEL=error git clean -fd .
DEBUG: ran clean --force -d . in 
DEBUG: LC_ALL=C JX_LOG_LEVEL=error git merge fe2e587d5923be1c84165d4f7520774b696768b6
DEBUG: ran git merge fe2e587d5923be1c84165d4f7520774b696768b6 in 
DEBUG: LC_ALL=C JX_LOG_LEVEL=error git log --format=%H%x1f%an%x1f%ae%x1f%cn%x1f%ce%x1f%s%n%b%x1e 46f544872d39bcf45b55177b8abb9ff94b7d8862..HEAD
Merged SHA fe2e587d5923be1c84165d4f7520774b696768b6 with commit message 'chore: Promote bdd-nh-1588675974 to version 0.0.1' into base branch master

Showing logs for build [32mcb-kubecd-environment-pr-1455-1-7x9cq-1[0m stage [32mfrom-build-pack[0m and container [32mstep-build-helm-build[0m
WARNING: No $CHART_REPOSITORY defined so using the default value of: http://jenkins-x-chartmuseum:8080
Adding missing Helm repo: storage.googleapis.com https://storage.googleapis.com/chartmuseum.jenkins-x.io
WARNING: No secrets found on "helm/repos" due: reading the secret "helm/repos" from vault: no secret "helm/repos" not found in vault
Read credentials for https://storage.googleapis.com/chartmuseum.jenkins-x.io from vault helm/repos
Successfully added Helm repository storage.googleapis.com.
Adding missing Helm repo: jenkins-x-chartmuseum http://jenkins-x-chartmuseum:8080
WARNING: No secrets found on "helm/repos" due: reading the secret "helm/repos" from vault: no secret "helm/repos" not found in vault
Read credentials for http://jenkins-x-chartmuseum:8080 from vault helm/repos
Successfully added Helm repository jenkins-x-chartmuseum.
WARNING: No $CHART_REPOSITORY defined so using the default value of: http://jenkins-x-chartmuseum:8080
Adding missing Helm repo: chartmuseum.jenkins-x.io http://chartmuseum.jenkins-x.io
WARNING: No secrets found on "helm/repos" due: reading the secret "helm/repos" from vault: no secret "helm/repos" not found in vault
Read credentials for http://chartmuseum.jenkins-x.io from vault helm/repos
Successfully added Helm repository chartmuseum.jenkins-x.io.
